<?xml version="1.0" encoding="UTF-8"?>
<!-- Generated by org.testng.reporters.JUnitReportReporter -->
<testsuite skipped="0" hostname="Chriss-MacBook-Pro.local" name="Tests.ValueTest" tests="3" failures="0" timestamp="2020-07-24T09:42:07 EDT" time="8.397" errors="0">
  <testcase name="verifyFailingValuesTest" time="3.778" classname="Tests.ValueTest"/>
  <testcase name="verifyAcceptedValuesTest" time="2.577" classname="Tests.ValueTest"/>
  <testcase name="verifyEmptyValuesTest" time="2.042" classname="Tests.ValueTest"/>
</testsuite> <!-- Tests.ValueTest -->
