<?xml version="1.0" encoding="UTF-8"?>
<!-- Generated by org.testng.reporters.JUnitReportReporter -->
<testsuite skipped="0" hostname="Chriss-MacBook-Pro.local" name="Tests.ValueTest" tests="4" failures="0" timestamp="2020-07-25T15:48:47 EDT" time="10.785" errors="0">
  <testcase name="verifyFailingValuesTest" time="2.589" classname="Tests.ValueTest"/>
  <testcase name="verifyAcceptedValuesTest" time="3.955" classname="Tests.ValueTest"/>
  <testcase name="verifyEmptyValuesTest" time="2.125" classname="Tests.ValueTest"/>
  <testcase name="verifyPageCanBeReached" time="2.116" classname="Tests.ValueTest"/>
</testsuite> <!-- Tests.ValueTest -->
