<?xml version="1.0" encoding="UTF-8"?>
<!-- Generated by org.testng.reporters.JUnitReportReporter -->
<testsuite skipped="0" hostname="Chriss-MacBook-Pro.local" name="Tests.ValueTest" tests="4" failures="0" timestamp="2020-07-27T12:58:54 EDT" time="11.242" errors="0">
  <testcase name="verifyFailingValuesTest" time="2.703" classname="Tests.ValueTest"/>
  <testcase name="verifyAcceptedValuesTest" time="4.367" classname="Tests.ValueTest"/>
  <testcase name="verifyEmptyValuesTest" time="2.169" classname="Tests.ValueTest"/>
  <testcase name="verifyPageCanBeReached" time="2.003" classname="Tests.ValueTest"/>
</testsuite> <!-- Tests.ValueTest -->
