<?xml version="1.0" encoding="UTF-8"?>
<!-- Generated by org.testng.reporters.JUnitReportReporter -->
<testsuite skipped="0" hostname="Chriss-MacBook-Pro.local" name="Tests.ValueTest" tests="4" failures="0" timestamp="2020-07-27T08:53:21 EDT" time="11.553" errors="0">
  <testcase name="verifyFailingValuesTest" time="2.585" classname="Tests.ValueTest"/>
  <testcase name="verifyAcceptedValuesTest" time="5.031" classname="Tests.ValueTest"/>
  <testcase name="verifyEmptyValuesTest" time="2.086" classname="Tests.ValueTest"/>
  <testcase name="verifyPageCanBeReached" time="1.851" classname="Tests.ValueTest"/>
</testsuite> <!-- Tests.ValueTest -->
