<?xml version="1.0" encoding="UTF-8"?>
<!-- Generated by org.testng.reporters.JUnitReportReporter -->
<testsuite skipped="0" hostname="Chriss-MacBook-Pro.local" name="Tests.ValueTest" tests="3" failures="0" timestamp="2020-07-25T15:15:08 EDT" time="9.987" errors="0">
  <testcase name="verifyAcceptedValuesTest" time="5.054" classname="Tests.ValueTest"/>
  <testcase name="verifyEmptyValuesTest" time="2.166" classname="Tests.ValueTest"/>
  <testcase name="verifyFailingValuesTest" time="2.767" classname="Tests.ValueTest"/>
</testsuite> <!-- Tests.ValueTest -->
