<?xml version="1.0" encoding="UTF-8"?>
<!-- Generated by org.testng.reporters.JUnitReportReporter -->
<testsuite skipped="0" hostname="Chriss-MacBook-Pro.local" name="Tests.ValueTest" tests="4" failures="0" timestamp="2020-07-26T20:07:53 EDT" time="12.159" errors="0">
  <testcase name="verifyAcceptedValuesTest" time="5.004" classname="Tests.ValueTest"/>
  <testcase name="verifyPageCanBeReached" time="2.292" classname="Tests.ValueTest"/>
  <testcase name="verifyEmptyValuesTest" time="2.221" classname="Tests.ValueTest"/>
  <testcase name="verifyFailingValuesTest" time="2.642" classname="Tests.ValueTest"/>
</testsuite> <!-- Tests.ValueTest -->
