<?xml version="1.0" encoding="UTF-8"?>
<!-- Generated by org.testng.reporters.JUnitReportReporter -->
<testsuite skipped="0" hostname="Chriss-MacBook-Pro.local" name="Tests.ValueTest" tests="4" failures="0" timestamp="2020-07-28T13:20:56 EDT" time="12.662" errors="0">
  <testcase name="verifyAcceptedValuesTest" time="6.026" classname="Tests.ValueTest"/>
  <testcase name="verifyPageCanBeReached" time="1.979" classname="Tests.ValueTest"/>
  <testcase name="verifyEmptyValuesTest" time="2.069" classname="Tests.ValueTest"/>
  <testcase name="verifyFailingValuesTest" time="2.588" classname="Tests.ValueTest"/>
</testsuite> <!-- Tests.ValueTest -->
