<?xml version="1.0" encoding="UTF-8"?>
<!-- Generated by org.testng.reporters.JUnitReportReporter -->
<testsuite skipped="0" hostname="Chriss-MacBook-Pro.local" name="Tests.ValueTest" tests="3" failures="0" timestamp="2020-07-23T22:14:46 EDT" time="9.207" errors="0">
  <testcase name="verifyEmptyValuesTest" time="3.637" classname="Tests.ValueTest"/>
  <testcase name="verifyFailingValuesTest" time="2.776" classname="Tests.ValueTest"/>
  <testcase name="verifyAcceptedValuesTest" time="2.794" classname="Tests.ValueTest"/>
</testsuite> <!-- Tests.ValueTest -->
